<?xml version="1.0" encoding="UTF-8"?>
<coverage generated="1751391902819" clover="3.2.0">
  <project timestamp="1751391902819" name="All files">
    <metrics statements="23" coveredstatements="15" conditionals="4" coveredconditionals="2" methods="15" coveredmethods="10" elements="42" coveredelements="27" complexity="0" loc="23" ncloc="23" packages="2" files="4" classes="4"/>
    <package name="components">
      <metrics statements="16" coveredstatements="15" conditionals="4" coveredconditionals="2" methods="10" coveredmethods="10"/>
      <file name="Card.js" path="/home/echavez/Desktop/ZTM/Full-Stack-Web-Developer/Complete-Junior-To-Senior-Web-Developer/Testing/robofriends-testing/src/components/Card.js">
        <metrics statements="2" coveredstatements="2" conditionals="0" coveredconditionals="0" methods="1" coveredmethods="1"/>
        <line num="3" count="2" type="stmt"/>
        <line num="4" count="1" type="stmt"/>
      </file>
      <file name="CounterButton.js" path="/home/echavez/Desktop/ZTM/Full-Stack-Web-Developer/Complete-Junior-To-Senior-Web-Developer/Testing/robofriends-testing/src/components/CounterButton.js">
        <metrics statements="7" coveredstatements="6" conditionals="2" coveredconditionals="1" methods="5" coveredmethods="5"/>
        <line num="5" count="2" type="stmt"/>
        <line num="6" count="2" type="stmt"/>
        <line num="12" count="3" type="cond" truecount="1" falsecount="1"/>
        <line num="13" count="3" type="stmt"/>
        <line num="15" count="0" type="stmt"/>
        <line num="19" count="5" type="stmt"/>
        <line num="23" count="3" type="stmt"/>
      </file>
      <file name="MainPage.js" path="/home/echavez/Desktop/ZTM/Full-Stack-Web-Developer/Complete-Junior-To-Senior-Web-Developer/Testing/robofriends-testing/src/components/MainPage.js">
        <metrics statements="7" coveredstatements="7" conditionals="2" coveredconditionals="1" methods="4" coveredmethods="4"/>
        <line num="11" count="7" type="stmt"/>
        <line num="14" count="7" type="stmt"/>
        <line num="15" count="10" type="stmt"/>
        <line num="16" count="10" type="stmt"/>
        <line num="17" count="4" type="stmt"/>
        <line num="22" count="7" type="stmt"/>
        <line num="24" count="7" type="stmt"/>
      </file>
    </package>
    <package name="containers">
      <metrics statements="7" coveredstatements="0" conditionals="0" coveredconditionals="0" methods="5" coveredmethods="0"/>
      <file name="App.js" path="/home/echavez/Desktop/ZTM/Full-Stack-Web-Developer/Complete-Junior-To-Senior-Web-Developer/Testing/robofriends-testing/src/containers/App.js">
        <metrics statements="7" coveredstatements="0" conditionals="0" coveredconditionals="0" methods="5" coveredmethods="0"/>
        <line num="10" count="0" type="stmt"/>
        <line num="11" count="0" type="stmt"/>
        <line num="18" count="0" type="stmt"/>
        <line num="19" count="0" type="stmt"/>
        <line num="20" count="0" type="stmt"/>
        <line num="21" count="0" type="stmt"/>
        <line num="27" count="0" type="stmt"/>
      </file>
    </package>
  </project>
</coverage>
