{"/home/echavez/Desktop/ZTM/Full-Stack-Web-Developer/Complete-Junior-To-Senior-Web-Developer/Testing/robofriends-testing/src/components/Card.js": {"path":"/home/echavez/Desktop/ZTM/Full-Stack-Web-Developer/Complete-Junior-To-Senior-Web-Developer/Testing/robofriends-testing/src/components/Card.js","statementMap":{"0":{"start":{"line":3,"column":13},"end":{"line":13,"column":1}},"1":{"start":{"line":4,"column":2},"end":{"line":12,"column":4}}},"fnMap":{"0":{"name":"(anonymous_0)","decl":{"start":{"line":3,"column":13},"end":{"line":3,"column":14}},"loc":{"start":{"line":3,"column":38},"end":{"line":13,"column":1}},"line":3}},"branchMap":{},"s":{"0":2,"1":1},"f":{"0":1},"b":{},"_coverageSchema":"1a1c01bbd47fc00a2c39e90264f33305004495a9","hash":"65eafdc4149f630904b2826338ce4265cf2b788f"}
,"/home/echavez/Desktop/ZTM/Full-Stack-Web-Developer/Complete-Junior-To-Senior-Web-Developer/Testing/robofriends-testing/src/components/CounterButton.js": {"path":"/home/echavez/Desktop/ZTM/Full-Stack-Web-Developer/Complete-Junior-To-Senior-Web-Developer/Testing/robofriends-testing/src/components/CounterButton.js","statementMap":{"0":{"start":{"line":5,"column":4},"end":{"line":5,"column":17}},"1":{"start":{"line":6,"column":4},"end":{"line":8,"column":6}},"2":{"start":{"line":12,"column":4},"end":{"line":14,"column":5}},"3":{"start":{"line":13,"column":6},"end":{"line":13,"column":18}},"4":{"start":{"line":15,"column":4},"end":{"line":15,"column":17}},"5":{"start":{"line":19,"column":4},"end":{"line":26,"column":6}},"6":{"start":{"line":23,"column":23},"end":{"line":23,"column":73}},"7":{"start":{"line":23,"column":47},"end":{"line":23,"column":71}}},"fnMap":{"0":{"name":"(anonymous_0)","decl":{"start":{"line":4,"column":2},"end":{"line":4,"column":3}},"loc":{"start":{"line":4,"column":21},"end":{"line":9,"column":3}},"line":4},"1":{"name":"(anonymous_1)","decl":{"start":{"line":11,"column":2},"end":{"line":11,"column":3}},"loc":{"start":{"line":11,"column":46},"end":{"line":16,"column":3}},"line":11},"2":{"name":"(anonymous_2)","decl":{"start":{"line":18,"column":2},"end":{"line":18,"column":3}},"loc":{"start":{"line":18,"column":11},"end":{"line":27,"column":3}},"line":18},"3":{"name":"(anonymous_3)","decl":{"start":{"line":23,"column":17},"end":{"line":23,"column":18}},"loc":{"start":{"line":23,"column":23},"end":{"line":23,"column":73}},"line":23},"4":{"name":"(anonymous_4)","decl":{"start":{"line":23,"column":37},"end":{"line":23,"column":38}},"loc":{"start":{"line":23,"column":47},"end":{"line":23,"column":71}},"line":23}},"branchMap":{"0":{"loc":{"start":{"line":12,"column":4},"end":{"line":14,"column":5}},"type":"if","locations":[{"start":{"line":12,"column":4},"end":{"line":14,"column":5}},{"start":{},"end":{}}],"line":12}},"s":{"0":2,"1":2,"2":3,"3":3,"4":0,"5":5,"6":3,"7":3},"f":{"0":2,"1":3,"2":5,"3":3,"4":3},"b":{"0":[3,0]},"_coverageSchema":"1a1c01bbd47fc00a2c39e90264f33305004495a9","hash":"78c406ad1450e0d1c40a3f765496cc03d26f6a4d"}
,"/home/echavez/Desktop/ZTM/Full-Stack-Web-Developer/Complete-Junior-To-Senior-Web-Developer/Testing/robofriends-testing/src/components/MainPage.js": {"path":"/home/echavez/Desktop/ZTM/Full-Stack-Web-Developer/Complete-Junior-To-Senior-Web-Developer/Testing/robofriends-testing/src/components/MainPage.js","statementMap":{"0":{"start":{"line":11,"column":4},"end":{"line":11,"column":33}},"1":{"start":{"line":14,"column":17},"end":{"line":19,"column":3}},"2":{"start":{"line":15,"column":36},"end":{"line":15,"column":46}},"3":{"start":{"line":16,"column":4},"end":{"line":18,"column":6}},"4":{"start":{"line":17,"column":6},"end":{"line":17,"column":74}},"5":{"start":{"line":22,"column":42},"end":{"line":22,"column":52}},"6":{"start":{"line":24,"column":4},"end":{"line":36,"column":6}}},"fnMap":{"0":{"name":"(anonymous_0)","decl":{"start":{"line":10,"column":2},"end":{"line":10,"column":3}},"loc":{"start":{"line":10,"column":22},"end":{"line":12,"column":3}},"line":10},"1":{"name":"(anonymous_1)","decl":{"start":{"line":14,"column":17},"end":{"line":14,"column":18}},"loc":{"start":{"line":14,"column":23},"end":{"line":19,"column":3}},"line":14},"2":{"name":"(anonymous_2)","decl":{"start":{"line":16,"column":25},"end":{"line":16,"column":26}},"loc":{"start":{"line":16,"column":34},"end":{"line":18,"column":5}},"line":16},"3":{"name":"(anonymous_3)","decl":{"start":{"line":21,"column":2},"end":{"line":21,"column":3}},"loc":{"start":{"line":21,"column":11},"end":{"line":37,"column":3}},"line":21}},"branchMap":{"0":{"loc":{"start":{"line":29,"column":12},"end":{"line":32,"column":27}},"type":"cond-expr","locations":[{"start":{"line":29,"column":24},"end":{"line":29,"column":40}},{"start":{"line":30,"column":12},"end":{"line":32,"column":27}}],"line":29}},"s":{"0":7,"1":7,"2":10,"3":10,"4":4,"5":7,"6":7},"f":{"0":7,"1":10,"2":4,"3":7},"b":{"0":[0,7]},"_coverageSchema":"1a1c01bbd47fc00a2c39e90264f33305004495a9","hash":"62920f3521eaffb18d56d9d0b0b7911c6190daae"}
,"/home/echavez/Desktop/ZTM/Full-Stack-Web-Developer/Complete-Junior-To-Senior-Web-Developer/Testing/robofriends-testing/src/containers/App.js": {"path":"/home/echavez/Desktop/ZTM/Full-Stack-Web-Developer/Complete-Junior-To-Senior-Web-Developer/Testing/robofriends-testing/src/containers/App.js","statementMap":{"0":{"start":{"line":10,"column":24},"end":{"line":16,"column":1}},"1":{"start":{"line":11,"column":2},"end":{"line":15,"column":3}},"2":{"start":{"line":18,"column":27},"end":{"line":23,"column":1}},"3":{"start":{"line":19,"column":2},"end":{"line":22,"column":3}},"4":{"start":{"line":20,"column":31},"end":{"line":20,"column":75}},"5":{"start":{"line":21,"column":27},"end":{"line":21,"column":52}},"6":{"start":{"line":27,"column":4},"end":{"line":27,"column":38}}},"fnMap":{"0":{"name":"(anonymous_0)","decl":{"start":{"line":10,"column":24},"end":{"line":10,"column":25}},"loc":{"start":{"line":10,"column":35},"end":{"line":16,"column":1}},"line":10},"1":{"name":"(anonymous_1)","decl":{"start":{"line":18,"column":27},"end":{"line":18,"column":28}},"loc":{"start":{"line":18,"column":41},"end":{"line":23,"column":1}},"line":18},"2":{"name":"(anonymous_2)","decl":{"start":{"line":20,"column":20},"end":{"line":20,"column":21}},"loc":{"start":{"line":20,"column":31},"end":{"line":20,"column":75}},"line":20},"3":{"name":"(anonymous_3)","decl":{"start":{"line":21,"column":21},"end":{"line":21,"column":22}},"loc":{"start":{"line":21,"column":27},"end":{"line":21,"column":52}},"line":21},"4":{"name":"(anonymous_4)","decl":{"start":{"line":26,"column":2},"end":{"line":26,"column":3}},"loc":{"start":{"line":26,"column":11},"end":{"line":28,"column":3}},"line":26}},"branchMap":{},"s":{"0":0,"1":0,"2":0,"3":0,"4":0,"5":0,"6":0},"f":{"0":0,"1":0,"2":0,"3":0,"4":0},"b":{}}
}
